2022-05-13 22:01:13.390  INFO 21376 --- [restartedMain] edisHmdpAddMerchantRedisCacheApplication : Starting SpringBootRedisHmdpAddMerchantRedisCacheApplication using Java 16.0.2 on mao with PID 21376 (H:\程序\大三下期\spring_boot_redis_hmdp添加商户redis缓存\target\classes started by mao in H:\程序\大三下期\spring_boot_redis_hmdp添加商户redis缓存)
2022-05-13 22:01:13.391 DEBUG 21376 --- [restartedMain] edisHmdpAddMerchantRedisCacheApplication : Running with Spring Boot v2.6.7, Spring v5.3.19
2022-05-13 22:01:13.392  INFO 21376 --- [restartedMain] edisHmdpAddMerchantRedisCacheApplication : The following 1 profile is active: "dev"
2022-05-13 22:01:13.425  INFO 21376 --- [restartedMain] .e.DevToolsPropertyDefaultsPostProcessor : Devtools property defaults active! Set 'spring.devtools.add-properties' to 'false' to disable
2022-05-13 22:01:13.425  INFO 21376 --- [restartedMain] .e.DevToolsPropertyDefaultsPostProcessor : For additional web related logging consider setting the 'logging.level.web' property to 'DEBUG'
2022-05-13 22:01:13.925  INFO 21376 --- [restartedMain] .s.d.r.c.RepositoryConfigurationDelegate : Multiple Spring Data modules found, entering strict repository configuration mode!
2022-05-13 22:01:13.927  INFO 21376 --- [restartedMain] .s.d.r.c.RepositoryConfigurationDelegate : Bootstrapping Spring Data Redis repositories in DEFAULT mode.
2022-05-13 22:01:13.947  INFO 21376 --- [restartedMain] .s.d.r.c.RepositoryConfigurationDelegate : Finished Spring Data repository scanning in 11 ms. Found 0 Redis repository interfaces.
2022-05-13 22:01:14.377  INFO 21376 --- [restartedMain] o.s.b.w.embedded.tomcat.TomcatWebServer  : Tomcat initialized with port(s): 8081 (http)
2022-05-13 22:01:14.384  INFO 21376 --- [restartedMain] o.apache.catalina.core.StandardService   : Starting service [Tomcat]
2022-05-13 22:01:14.384  INFO 21376 --- [restartedMain] org.apache.catalina.core.StandardEngine  : Starting Servlet engine: [Apache Tomcat/9.0.62]
2022-05-13 22:01:14.448  INFO 21376 --- [restartedMain] o.a.c.c.C.[Tomcat].[localhost].[/]       : Initializing Spring embedded WebApplicationContext
2022-05-13 22:01:14.448  INFO 21376 --- [restartedMain] w.s.c.ServletWebServerApplicationContext : Root WebApplicationContext: initialization completed in 1022 ms
2022-05-13 22:01:14.669  INFO 21376 --- [restartedMain] c.a.d.s.b.a.DruidDataSourceAutoConfigure : Init DruidDataSource
2022-05-13 22:01:14.765  INFO 21376 --- [restartedMain] com.alibaba.druid.pool.DruidDataSource   : {dataSource-1} inited
2022-05-13 22:01:15.640  INFO 21376 --- [restartedMain] o.s.b.d.a.OptionalLiveReloadServer       : LiveReload server is running on port 35729
2022-05-13 22:01:15.694  INFO 21376 --- [restartedMain] o.s.b.w.embedded.tomcat.TomcatWebServer  : Tomcat started on port(s): 8081 (http) with context path ''
2022-05-13 22:01:15.704  INFO 21376 --- [restartedMain] edisHmdpAddMerchantRedisCacheApplication : Started SpringBootRedisHmdpAddMerchantRedisCacheApplication in 2.648 seconds (JVM running for 3.403)
2022-05-13 22:01:18.918  INFO 21376 --- [SpringApplicationShutdownHook] com.alibaba.druid.pool.DruidDataSource   : {dataSource-1} closing ...
2022-05-13 22:01:18.918  INFO 21376 --- [SpringApplicationShutdownHook] com.alibaba.druid.pool.DruidDataSource   : {dataSource-1} closed
2022-05-13 22:02:35.981  INFO 18920 --- [restartedMain] edisHmdpAddMerchantRedisCacheApplication : Starting SpringBootRedisHmdpAddMerchantRedisCacheApplication using Java 16.0.2 on mao with PID 18920 (H:\程序\大三下期\spring_boot_redis_hmdp添加商户redis缓存\target\classes started by mao in H:\程序\大三下期\spring_boot_redis_hmdp添加商户redis缓存)
2022-05-13 22:02:35.982 DEBUG 18920 --- [restartedMain] edisHmdpAddMerchantRedisCacheApplication : Running with Spring Boot v2.6.7, Spring v5.3.19
2022-05-13 22:02:35.982  INFO 18920 --- [restartedMain] edisHmdpAddMerchantRedisCacheApplication : The following 1 profile is active: "dev"
2022-05-13 22:02:36.015  INFO 18920 --- [restartedMain] .e.DevToolsPropertyDefaultsPostProcessor : Devtools property defaults active! Set 'spring.devtools.add-properties' to 'false' to disable
2022-05-13 22:02:36.015  INFO 18920 --- [restartedMain] .e.DevToolsPropertyDefaultsPostProcessor : For additional web related logging consider setting the 'logging.level.web' property to 'DEBUG'
2022-05-13 22:02:36.517  INFO 18920 --- [restartedMain] .s.d.r.c.RepositoryConfigurationDelegate : Multiple Spring Data modules found, entering strict repository configuration mode!
2022-05-13 22:02:36.519  INFO 18920 --- [restartedMain] .s.d.r.c.RepositoryConfigurationDelegate : Bootstrapping Spring Data Redis repositories in DEFAULT mode.
2022-05-13 22:02:36.540  INFO 18920 --- [restartedMain] .s.d.r.c.RepositoryConfigurationDelegate : Finished Spring Data repository scanning in 11 ms. Found 0 Redis repository interfaces.
2022-05-13 22:02:36.976  INFO 18920 --- [restartedMain] o.s.b.w.embedded.tomcat.TomcatWebServer  : Tomcat initialized with port(s): 8081 (http)
2022-05-13 22:02:36.984  INFO 18920 --- [restartedMain] o.apache.catalina.core.StandardService   : Starting service [Tomcat]
2022-05-13 22:02:36.984  INFO 18920 --- [restartedMain] org.apache.catalina.core.StandardEngine  : Starting Servlet engine: [Apache Tomcat/9.0.62]
2022-05-13 22:02:37.050  INFO 18920 --- [restartedMain] o.a.c.c.C.[Tomcat].[localhost].[/]       : Initializing Spring embedded WebApplicationContext
2022-05-13 22:02:37.051  INFO 18920 --- [restartedMain] w.s.c.ServletWebServerApplicationContext : Root WebApplicationContext: initialization completed in 1035 ms
2022-05-13 22:02:37.270  INFO 18920 --- [restartedMain] c.a.d.s.b.a.DruidDataSourceAutoConfigure : Init DruidDataSource
2022-05-13 22:02:37.364  INFO 18920 --- [restartedMain] com.alibaba.druid.pool.DruidDataSource   : {dataSource-1} inited
2022-05-13 22:02:38.249  INFO 18920 --- [restartedMain] o.s.b.d.a.OptionalLiveReloadServer       : LiveReload server is running on port 35729
2022-05-13 22:02:38.291  INFO 18920 --- [restartedMain] o.s.b.w.embedded.tomcat.TomcatWebServer  : Tomcat started on port(s): 8081 (http) with context path ''
2022-05-13 22:02:38.301  INFO 18920 --- [restartedMain] edisHmdpAddMerchantRedisCacheApplication : Started SpringBootRedisHmdpAddMerchantRedisCacheApplication in 2.64 seconds (JVM running for 3.179)
2022-05-13 22:05:07.309  INFO 18920 --- [http-nio-8081-exec-2] o.a.c.c.C.[Tomcat].[localhost].[/]       : Initializing Spring DispatcherServlet 'dispatcherServlet'
2022-05-13 22:05:07.309  INFO 18920 --- [http-nio-8081-exec-2] o.s.web.servlet.DispatcherServlet        : Initializing Servlet 'dispatcherServlet'
2022-05-13 22:05:07.310  INFO 18920 --- [http-nio-8081-exec-2] o.s.web.servlet.DispatcherServlet        : Completed initialization in 1 ms
2022-05-13 22:07:34.805  INFO 18920 --- [SpringApplicationShutdownHook] com.alibaba.druid.pool.DruidDataSource   : {dataSource-1} closing ...
2022-05-13 22:07:34.806  INFO 18920 --- [SpringApplicationShutdownHook] com.alibaba.druid.pool.DruidDataSource   : {dataSource-1} closed
2022-05-13 22:07:39.590  INFO 11936 --- [restartedMain] edisHmdpAddMerchantRedisCacheApplication : Starting SpringBootRedisHmdpAddMerchantRedisCacheApplication using Java 16.0.2 on mao with PID 11936 (H:\程序\大三下期\spring_boot_redis_hmdp添加商户redis缓存\target\classes started by mao in H:\程序\大三下期\spring_boot_redis_hmdp添加商户redis缓存)
2022-05-13 22:07:39.591 DEBUG 11936 --- [restartedMain] edisHmdpAddMerchantRedisCacheApplication : Running with Spring Boot v2.6.7, Spring v5.3.19
2022-05-13 22:07:39.591  INFO 11936 --- [restartedMain] edisHmdpAddMerchantRedisCacheApplication : The following 1 profile is active: "dev"
2022-05-13 22:07:39.622  INFO 11936 --- [restartedMain] .e.DevToolsPropertyDefaultsPostProcessor : Devtools property defaults active! Set 'spring.devtools.add-properties' to 'false' to disable
2022-05-13 22:07:39.623  INFO 11936 --- [restartedMain] .e.DevToolsPropertyDefaultsPostProcessor : For additional web related logging consider setting the 'logging.level.web' property to 'DEBUG'
2022-05-13 22:07:40.115  INFO 11936 --- [restartedMain] .s.d.r.c.RepositoryConfigurationDelegate : Multiple Spring Data modules found, entering strict repository configuration mode!
2022-05-13 22:07:40.117  INFO 11936 --- [restartedMain] .s.d.r.c.RepositoryConfigurationDelegate : Bootstrapping Spring Data Redis repositories in DEFAULT mode.
2022-05-13 22:07:40.138  INFO 11936 --- [restartedMain] .s.d.r.c.RepositoryConfigurationDelegate : Finished Spring Data repository scanning in 11 ms. Found 0 Redis repository interfaces.
2022-05-13 22:07:40.561  INFO 11936 --- [restartedMain] o.s.b.w.embedded.tomcat.TomcatWebServer  : Tomcat initialized with port(s): 8081 (http)
2022-05-13 22:07:40.568  INFO 11936 --- [restartedMain] o.apache.catalina.core.StandardService   : Starting service [Tomcat]
2022-05-13 22:07:40.569  INFO 11936 --- [restartedMain] org.apache.catalina.core.StandardEngine  : Starting Servlet engine: [Apache Tomcat/9.0.62]
2022-05-13 22:07:40.626  INFO 11936 --- [restartedMain] o.a.c.c.C.[Tomcat].[localhost].[/]       : Initializing Spring embedded WebApplicationContext
2022-05-13 22:07:40.627  INFO 11936 --- [restartedMain] w.s.c.ServletWebServerApplicationContext : Root WebApplicationContext: initialization completed in 1004 ms
2022-05-13 22:07:40.839  INFO 11936 --- [restartedMain] c.a.d.s.b.a.DruidDataSourceAutoConfigure : Init DruidDataSource
2022-05-13 22:07:40.934  INFO 11936 --- [restartedMain] com.alibaba.druid.pool.DruidDataSource   : {dataSource-1} inited
2022-05-13 22:07:41.774  INFO 11936 --- [restartedMain] o.s.b.d.a.OptionalLiveReloadServer       : LiveReload server is running on port 35729
2022-05-13 22:07:41.815  INFO 11936 --- [restartedMain] o.s.b.w.embedded.tomcat.TomcatWebServer  : Tomcat started on port(s): 8081 (http) with context path ''
2022-05-13 22:07:41.825  INFO 11936 --- [restartedMain] edisHmdpAddMerchantRedisCacheApplication : Started SpringBootRedisHmdpAddMerchantRedisCacheApplication in 2.57 seconds (JVM running for 3.204)
2022-05-13 22:07:47.942  INFO 11936 --- [http-nio-8081-exec-2] o.a.c.c.C.[Tomcat].[localhost].[/]       : Initializing Spring DispatcherServlet 'dispatcherServlet'
2022-05-13 22:07:47.943  INFO 11936 --- [http-nio-8081-exec-2] o.s.web.servlet.DispatcherServlet        : Initializing Servlet 'dispatcherServlet'
2022-05-13 22:07:47.944  INFO 11936 --- [http-nio-8081-exec-2] o.s.web.servlet.DispatcherServlet        : Completed initialization in 1 ms
2022-05-13 22:07:48.597 DEBUG 11936 --- [http-nio-8081-exec-2] m.s.mapper.ShopMapper.selectById         : ==>  Preparing: SELECT id,name,type_id,images,area,address,x,y,avg_price,sold,comments,score,open_hours,create_time,update_time FROM tb_shop WHERE id=?
2022-05-13 22:07:48.614 DEBUG 11936 --- [http-nio-8081-exec-2] m.s.mapper.ShopMapper.selectById         : ==> Parameters: 1(Long)
2022-05-13 22:07:48.634 DEBUG 11936 --- [http-nio-8081-exec-2] m.s.mapper.ShopMapper.selectById         : <==      Total: 1
2022-05-13 22:09:13.679  INFO 11936 --- [SpringApplicationShutdownHook] com.alibaba.druid.pool.DruidDataSource   : {dataSource-1} closing ...
2022-05-13 22:09:13.685  INFO 11936 --- [SpringApplicationShutdownHook] com.alibaba.druid.pool.DruidDataSource   : {dataSource-1} closed
2022-05-13 22:10:17.419  INFO 2080 --- [restartedMain] edisHmdpAddMerchantRedisCacheApplication : Starting SpringBootRedisHmdpAddMerchantRedisCacheApplication using Java 16.0.2 on mao with PID 2080 (H:\程序\大三下期\spring_boot_redis_hmdp添加商户redis缓存\target\classes started by mao in H:\程序\大三下期\spring_boot_redis_hmdp添加商户redis缓存)
2022-05-13 22:10:17.420 DEBUG 2080 --- [restartedMain] edisHmdpAddMerchantRedisCacheApplication : Running with Spring Boot v2.6.7, Spring v5.3.19
2022-05-13 22:10:17.420  INFO 2080 --- [restartedMain] edisHmdpAddMerchantRedisCacheApplication : The following 1 profile is active: "dev"
2022-05-13 22:10:17.453  INFO 2080 --- [restartedMain] .e.DevToolsPropertyDefaultsPostProcessor : Devtools property defaults active! Set 'spring.devtools.add-properties' to 'false' to disable
2022-05-13 22:10:17.453  INFO 2080 --- [restartedMain] .e.DevToolsPropertyDefaultsPostProcessor : For additional web related logging consider setting the 'logging.level.web' property to 'DEBUG'
2022-05-13 22:10:17.952  INFO 2080 --- [restartedMain] .s.d.r.c.RepositoryConfigurationDelegate : Multiple Spring Data modules found, entering strict repository configuration mode!
2022-05-13 22:10:17.953  INFO 2080 --- [restartedMain] .s.d.r.c.RepositoryConfigurationDelegate : Bootstrapping Spring Data Redis repositories in DEFAULT mode.
2022-05-13 22:10:17.975  INFO 2080 --- [restartedMain] .s.d.r.c.RepositoryConfigurationDelegate : Finished Spring Data repository scanning in 11 ms. Found 0 Redis repository interfaces.
2022-05-13 22:10:18.423  INFO 2080 --- [restartedMain] o.s.b.w.embedded.tomcat.TomcatWebServer  : Tomcat initialized with port(s): 8081 (http)
2022-05-13 22:10:18.430  INFO 2080 --- [restartedMain] o.apache.catalina.core.StandardService   : Starting service [Tomcat]
2022-05-13 22:10:18.430  INFO 2080 --- [restartedMain] org.apache.catalina.core.StandardEngine  : Starting Servlet engine: [Apache Tomcat/9.0.62]
2022-05-13 22:10:18.496  INFO 2080 --- [restartedMain] o.a.c.c.C.[Tomcat].[localhost].[/]       : Initializing Spring embedded WebApplicationContext
2022-05-13 22:10:18.496  INFO 2080 --- [restartedMain] w.s.c.ServletWebServerApplicationContext : Root WebApplicationContext: initialization completed in 1042 ms
2022-05-13 22:10:18.718  INFO 2080 --- [restartedMain] c.a.d.s.b.a.DruidDataSourceAutoConfigure : Init DruidDataSource
2022-05-13 22:10:18.809  INFO 2080 --- [restartedMain] com.alibaba.druid.pool.DruidDataSource   : {dataSource-1} inited
2022-05-13 22:10:19.657  INFO 2080 --- [restartedMain] o.s.b.d.a.OptionalLiveReloadServer       : LiveReload server is running on port 35729
2022-05-13 22:10:19.700  INFO 2080 --- [restartedMain] o.s.b.w.embedded.tomcat.TomcatWebServer  : Tomcat started on port(s): 8081 (http) with context path ''
2022-05-13 22:10:19.711  INFO 2080 --- [restartedMain] edisHmdpAddMerchantRedisCacheApplication : Started SpringBootRedisHmdpAddMerchantRedisCacheApplication in 2.62 seconds (JVM running for 3.168)
2022-05-13 22:10:23.818  INFO 2080 --- [http-nio-8081-exec-1] o.a.c.c.C.[Tomcat].[localhost].[/]       : Initializing Spring DispatcherServlet 'dispatcherServlet'
2022-05-13 22:10:23.819  INFO 2080 --- [http-nio-8081-exec-1] o.s.web.servlet.DispatcherServlet        : Initializing Servlet 'dispatcherServlet'
2022-05-13 22:10:23.820  INFO 2080 --- [http-nio-8081-exec-1] o.s.web.servlet.DispatcherServlet        : Completed initialization in 1 ms
2022-05-13 22:10:24.442 DEBUG 2080 --- [http-nio-8081-exec-1] m.s.mapper.ShopMapper.selectById         : ==>  Preparing: SELECT id,name,type_id,images,area,address,x,y,avg_price,sold,comments,score,open_hours,create_time,update_time FROM tb_shop WHERE id=?
2022-05-13 22:10:24.459 DEBUG 2080 --- [http-nio-8081-exec-1] m.s.mapper.ShopMapper.selectById         : ==> Parameters: 1(Long)
2022-05-13 22:10:24.479 DEBUG 2080 --- [http-nio-8081-exec-1] m.s.mapper.ShopMapper.selectById         : <==      Total: 1
2022-05-13 22:11:07.210 DEBUG 2080 --- [http-nio-8081-exec-4] m.s.mapper.ShopMapper.selectById         : ==>  Preparing: SELECT id,name,type_id,images,area,address,x,y,avg_price,sold,comments,score,open_hours,create_time,update_time FROM tb_shop WHERE id=?
2022-05-13 22:11:07.212 DEBUG 2080 --- [http-nio-8081-exec-4] m.s.mapper.ShopMapper.selectById         : ==> Parameters: 1(Long)
2022-05-13 22:11:07.216 DEBUG 2080 --- [http-nio-8081-exec-4] m.s.mapper.ShopMapper.selectById         : <==      Total: 1
2022-05-13 22:11:36.788  INFO 2080 --- [SpringApplicationShutdownHook] com.alibaba.druid.pool.DruidDataSource   : {dataSource-1} closing ...
2022-05-13 22:11:36.791  INFO 2080 --- [SpringApplicationShutdownHook] com.alibaba.druid.pool.DruidDataSource   : {dataSource-1} closed
